
> sickle-cell-care-app@0.1.0 start
> react-scripts start

(node:18327) [DEP_WEBPACK_DEV_SERVER_ON_AFTER_SETUP_MIDDLEWARE] DeprecationWarning: 'onAfterSetupMiddleware' option is deprecated. Please use the 'setupMiddlewares' option.
(Use `node --trace-deprecation ...` to show where the warning was created)
(node:18327) [DEP_WEBPACK_DEV_SERVER_ON_BEFORE_SETUP_MIDDLEWARE] DeprecationWarning: 'onBeforeSetupMiddleware' option is deprecated. Please use the 'setupMiddlewares' option.
Starting the development server...

Compiled with warnings.

[eslint]
src/pages/NutritionPage.js
  Line 18:23:  'setSupplements' is assigned a value but never used  no-unused-vars

Search for the keywords to learn more about each warning.
To ignore, add // eslint-disable-next-line to the line before.

WARNING in [eslint]
src/pages/NutritionPage.js
  Line 18:23:  'setSupplements' is assigned a value but never used  no-unused-vars

webpack compiled with 1 warning
Compiling...
Compiled with warnings.

[eslint]
src/pages/NutritionPage.js
  Line 18:23:  'setSupplements' is assigned a value but never used  no-unused-vars

Search for the keywords to learn more about each warning.
To ignore, add // eslint-disable-next-line to the line before.

WARNING in [eslint]
src/pages/NutritionPage.js
  Line 18:23:  'setSupplements' is assigned a value but never used  no-unused-vars

webpack compiled with 1 warning
Compiling...
Compiled with warnings.

[eslint]
src/App.js
  Line 9:8:  'DigitalClinicPage' is defined but never used  no-unused-vars

src/pages/NutritionPage.js
  Line 18:23:  'setSupplements' is assigned a value but never used  no-unused-vars

Search for the keywords to learn more about each warning.
To ignore, add // eslint-disable-next-line to the line before.

WARNING in [eslint]
src/App.js
  Line 9:8:  'DigitalClinicPage' is defined but never used  no-unused-vars

src/pages/NutritionPage.js
  Line 18:23:  'setSupplements' is assigned a value but never used  no-unused-vars

webpack compiled with 1 warning
Compiling...
Compiled with warnings.

[eslint]
src/pages/NutritionPage.js
  Line 18:23:  'setSupplements' is assigned a value but never used  no-unused-vars

Search for the keywords to learn more about each warning.
To ignore, add // eslint-disable-next-line to the line before.

WARNING in [eslint]
src/pages/NutritionPage.js
  Line 18:23:  'setSupplements' is assigned a value but never used  no-unused-vars

webpack compiled with 1 warning
